<?xml version="1.0" encoding="UTF-8"?>
<testsuite name="com.example.appmovil.ExampleUnitTest" tests="1" skipped="0" failures="0" errors="0" timestamp="2025-10-25T03:13:23.619Z" hostname="JORDAN" time="0.002">
  <properties/>
  <testcase name="addition_isCorrect" classname="com.example.appmovil.ExampleUnitTest" time="0.002"/>
  <system-out><![CDATA[]]></system-out>
  <system-err><![CDATA[]]></system-err>
</testsuite>
